Using pre-set license
Built from '2020.3/staging' branch; Version is '2020.3.11f1 (99c7afb366b3) revision 10078127'; Using compiler version '192528614'; Build Type 'Release'
OS: 'Windows 10 Pro; OS build 19043.1165; Version 2009; 64bit' Language: 'en' Physical Memory: 16299 MB
BatchMode: 1, IsHumanControllingUs: 0, StartBugReporterOnCrash: 0, Is64bit: 1, IsPro: 0

 COMMAND LINE ARGUMENTS:
C:\Program Files\Unity\Hub\Editor\2020.3.11f1\Editor\Unity.exe
-adb2
-batchMode
-noUpm
-name
AssetImportWorker0
-projectPath
C:/Users/Admin/3D Shooter
-logFile
Logs/AssetImportWorker0.log
-srvPort
49771
Successfully changed project path to: C:/Users/Admin/3D Shooter
C:/Users/Admin/3D Shooter
Using Asset Import Pipeline V2.
Refreshing native plugins compatible for Editor in 92.50 ms, found 2 plugins.
Preloading 0 native plugins for Editor in 0.00 ms.
Initialize engine version: 2020.3.11f1 (99c7afb366b3)
[Subsystems] Discovering subsystems at path C:/Program Files/Unity/Hub/Editor/2020.3.11f1/Editor/Data/Resources/UnitySubsystems
[Subsystems] Discovering subsystems at path C:/Users/Admin/3D Shooter/Assets
GfxDevice: creating device client; threaded=0
Direct3D:
    Version:  Direct3D 11.0 [level 11.1]
    Renderer: NVIDIA GeForce GT 1030 (ID=0x1d01)
    Vendor:   
    VRAM:     1982 MB
    Driver:   30.0.14.7168
Initialize mono
Mono path[0] = 'C:/Program Files/Unity/Hub/Editor/2020.3.11f1/Editor/Data/Managed'
Mono path[1] = 'C:/Program Files/Unity/Hub/Editor/2020.3.11f1/Editor/Data/MonoBleedingEdge/lib/mono/unityjit'
Mono config path = 'C:/Program Files/Unity/Hub/Editor/2020.3.11f1/Editor/Data/MonoBleedingEdge/etc'
Using monoOptions --debugger-agent=transport=dt_socket,embedding=1,server=y,suspend=n,address=127.0.0.1:56772
Begin MonoManager ReloadAssembly
Registering precompiled unity dll's ...
Register platform support module: C:/Program Files/Unity/Hub/Editor/2020.3.11f1/Editor/Data/PlaybackEngines/WebGLSupport/UnityEditor.WebGL.Extensions.dll
Register platform support module: C:/Program Files/Unity/Hub/Editor/2020.3.11f1/Editor/Data/PlaybackEngines/MacStandaloneSupport/UnityEditor.OSXStandalone.Extensions.dll
Register platform support module: C:/Program Files/Unity/Hub/Editor/2020.3.11f1/Editor/Data/PlaybackEngines/WindowsStandaloneSupport/UnityEditor.WindowsStandalone.Extensions.dll
Register platform support module: C:/Program Files/Unity/Hub/Editor/2020.3.11f1/Editor/Data/PlaybackEngines/LinuxStandaloneSupport/UnityEditor.LinuxStandalone.Extensions.dll
Registered in 0.010551 seconds.
Native extension for LinuxStandalone target not found
Native extension for WindowsStandalone target not found
Native extension for OSXStandalone target not found
Native extension for WebGL target not found
Refreshing native plugins compatible for Editor in 91.81 ms, found 2 plugins.
Preloading 0 native plugins for Editor in 0.00 ms.
Mono: successfully reloaded assembly
- Completed reload, in  5.797 seconds
Platform modules already initialized, skipping
Registering precompiled user dll's ...
Registered in 0.025851 seconds.
Begin MonoManager ReloadAssembly
Native extension for LinuxStandalone target not found
Native extension for WindowsStandalone target not found
Native extension for OSXStandalone target not found
Native extension for WebGL target not found
Refreshing native plugins compatible for Editor in 93.13 ms, found 2 plugins.
Preloading 0 native plugins for Editor in 0.00 ms.
Mono: successfully reloaded assembly
- Completed reload, in  1.908 seconds
Platform modules already initialized, skipping
========================================================================
Worker process is ready to serve import requests
Shader 'Universal Render Pipeline/Particles/Lit': fallback shader 'Universal Render Pipeline/Particles/SimpleLit' not found
Shader 'Universal Render Pipeline/Particles/Lit': fallback shader 'Universal Render Pipeline/Particles/SimpleLit' not found
Launched and connected shader compiler UnityShaderCompiler.exe after 0.10 seconds
Refreshing native plugins compatible for Editor in 1.09 ms, found 2 plugins.
Preloading 0 native plugins for Editor in 0.00 ms.
Unloading 3050 Unused Serialized files (Serialized files now loaded: 0)
System memory in use before: 138.9 MB.
System memory in use after: 136.6 MB.

Unloading 51 unused Assets to reduce memory usage. Loaded Objects now: 3460.
Total: 5.177400 ms (FindLiveObjects: 0.377700 ms CreateObjectMapping: 0.210900 ms MarkObjects: 2.881000 ms  DeleteObjects: 1.706500 ms)

========================================================================
Received Import Request.
  path: Assets/Scripts/Controller/PlayerController.cs
  artifactKey: Guid(dcf83100f3366f949803990b67dfaea5) Importer(815301076,1909f56bfc062723c751e8b465ee728b)
Start importing Assets/Scripts/Controller/PlayerController.cs using Guid(dcf83100f3366f949803990b67dfaea5) Importer(815301076,1909f56bfc062723c751e8b465ee728b)  -> (artifact id: 'e0db883f76253b87a407097530d285c2') in 0.046611 seconds
  Import took 0.055972 seconds .

========================================================================
Received Prepare
Registering precompiled user dll's ...
Registered in 0.005756 seconds.
Begin MonoManager ReloadAssembly
Native extension for LinuxStandalone target not found
Native extension for WindowsStandalone target not found
Native extension for OSXStandalone target not found
Native extension for WebGL target not found
Refreshing native plugins compatible for Editor in 0.91 ms, found 2 plugins.
Preloading 0 native plugins for Editor in 0.00 ms.
Mono: successfully reloaded assembly
- Completed reload, in  1.588 seconds
Platform modules already initialized, skipping
Shader 'Universal Render Pipeline/Particles/Lit': fallback shader 'Universal Render Pipeline/Particles/SimpleLit' not found
Shader 'Universal Render Pipeline/Particles/Lit': fallback shader 'Universal Render Pipeline/Particles/SimpleLit' not found
Refreshing native plugins compatible for Editor in 0.92 ms, found 2 plugins.
Preloading 0 native plugins for Editor in 0.00 ms.
Unloading 2968 Unused Serialized files (Serialized files now loaded: 0)
System memory in use before: 134.7 MB.
System memory in use after: 132.4 MB.

Unloading 44 unused Assets to reduce memory usage. Loaded Objects now: 3463.
Total: 5.125400 ms (FindLiveObjects: 0.322500 ms CreateObjectMapping: 0.204700 ms MarkObjects: 2.813700 ms  DeleteObjects: 1.783200 ms)

========================================================================
Received Import Request.
  Time since last request: 159.898352 seconds.
  path: Assets/Scripts/Controller/PlayerController.cs
  artifactKey: Guid(dcf83100f3366f949803990b67dfaea5) Importer(815301076,1909f56bfc062723c751e8b465ee728b)
Start importing Assets/Scripts/Controller/PlayerController.cs using Guid(dcf83100f3366f949803990b67dfaea5) Importer(815301076,1909f56bfc062723c751e8b465ee728b)  -> (artifact id: 'a619833cb19d3edbef576f3f21760ef4') in 0.007270 seconds
  Import took 0.013436 seconds .

========================================================================
Received Prepare
Registering precompiled user dll's ...
Registered in 0.005729 seconds.
Begin MonoManager ReloadAssembly
Native extension for LinuxStandalone target not found
Native extension for WindowsStandalone target not found
Native extension for OSXStandalone target not found
Native extension for WebGL target not found
Refreshing native plugins compatible for Editor in 0.90 ms, found 2 plugins.
Preloading 0 native plugins for Editor in 0.00 ms.
Mono: successfully reloaded assembly
- Completed reload, in  1.548 seconds
Platform modules already initialized, skipping
Shader 'Universal Render Pipeline/Particles/Lit': fallback shader 'Universal Render Pipeline/Particles/SimpleLit' not found
Shader 'Universal Render Pipeline/Particles/Lit': fallback shader 'Universal Render Pipeline/Particles/SimpleLit' not found
Refreshing native plugins compatible for Editor in 0.90 ms, found 2 plugins.
Preloading 0 native plugins for Editor in 0.00 ms.
Unloading 2968 Unused Serialized files (Serialized files now loaded: 0)
System memory in use before: 134.8 MB.
System memory in use after: 132.5 MB.

Unloading 44 unused Assets to reduce memory usage. Loaded Objects now: 3466.
Total: 5.545400 ms (FindLiveObjects: 0.321900 ms CreateObjectMapping: 0.195200 ms MarkObjects: 3.192000 ms  DeleteObjects: 1.834800 ms)

========================================================================
Received Import Request.
  Time since last request: 274.574254 seconds.
  path: Assets/Scripts/Controller/PlayerController.cs
  artifactKey: Guid(dcf83100f3366f949803990b67dfaea5) Importer(815301076,1909f56bfc062723c751e8b465ee728b)
Start importing Assets/Scripts/Controller/PlayerController.cs using Guid(dcf83100f3366f949803990b67dfaea5) Importer(815301076,1909f56bfc062723c751e8b465ee728b)  -> (artifact id: 'bfb02fa46864a6cd4e8a28ba526dfd0c') in 0.008843 seconds
  Import took 0.016750 seconds .

========================================================================
Received Import Request.
  Time since last request: 1.967752 seconds.
  path: Assets/Scripts/Controller/PlayerController.cs
  artifactKey: Guid(dcf83100f3366f949803990b67dfaea5) Importer(815301076,1909f56bfc062723c751e8b465ee728b)
Start importing Assets/Scripts/Controller/PlayerController.cs using Guid(dcf83100f3366f949803990b67dfaea5) Importer(815301076,1909f56bfc062723c751e8b465ee728b)  -> (artifact id: 'bfb02fa46864a6cd4e8a28ba526dfd0c') in 0.002300 seconds
  Import took 0.008299 seconds .

========================================================================
Received Prepare
Registering precompiled user dll's ...
Registered in 0.005629 seconds.
Begin MonoManager ReloadAssembly
Native extension for LinuxStandalone target not found
Native extension for WindowsStandalone target not found
Native extension for OSXStandalone target not found
Native extension for WebGL target not found
Refreshing native plugins compatible for Editor in 0.87 ms, found 2 plugins.
Preloading 0 native plugins for Editor in 0.00 ms.
Mono: successfully reloaded assembly
- Completed reload, in  1.553 seconds
Platform modules already initialized, skipping
Shader 'Universal Render Pipeline/Particles/Lit': fallback shader 'Universal Render Pipeline/Particles/SimpleLit' not found
Shader 'Universal Render Pipeline/Particles/Lit': fallback shader 'Universal Render Pipeline/Particles/SimpleLit' not found
Refreshing native plugins compatible for Editor in 0.89 ms, found 2 plugins.
Preloading 0 native plugins for Editor in 0.00 ms.
Unloading 2968 Unused Serialized files (Serialized files now loaded: 0)
System memory in use before: 134.8 MB.
System memory in use after: 132.5 MB.

Unloading 44 unused Assets to reduce memory usage. Loaded Objects now: 3469.
Total: 5.263700 ms (FindLiveObjects: 0.315300 ms CreateObjectMapping: 0.193100 ms MarkObjects: 2.890700 ms  DeleteObjects: 1.863600 ms)

========================================================================
Received Import Request.
  Time since last request: 145.059335 seconds.
  path: Assets/Scripts/Controller/PlayerController.cs
  artifactKey: Guid(dcf83100f3366f949803990b67dfaea5) Importer(815301076,1909f56bfc062723c751e8b465ee728b)
Start importing Assets/Scripts/Controller/PlayerController.cs using Guid(dcf83100f3366f949803990b67dfaea5) Importer(815301076,1909f56bfc062723c751e8b465ee728b)  -> (artifact id: '71f9bca8187bc7ac9d8248e9fcee86e1') in 0.007043 seconds
  Import took 0.013009 seconds .

========================================================================
Received Import Request.
  Time since last request: 2.742299 seconds.
  path: Assets/Scripts/Controller/PlayerController.cs
  artifactKey: Guid(dcf83100f3366f949803990b67dfaea5) Importer(815301076,1909f56bfc062723c751e8b465ee728b)
Start importing Assets/Scripts/Controller/PlayerController.cs using Guid(dcf83100f3366f949803990b67dfaea5) Importer(815301076,1909f56bfc062723c751e8b465ee728b)  -> (artifact id: '71f9bca8187bc7ac9d8248e9fcee86e1') in 0.002325 seconds
  Import took 0.008555 seconds .

========================================================================
Received Prepare
Registering precompiled user dll's ...
Registered in 0.005689 seconds.
Begin MonoManager ReloadAssembly
Native extension for LinuxStandalone target not found
Native extension for WindowsStandalone target not found
Native extension for OSXStandalone target not found
Native extension for WebGL target not found
Refreshing native plugins compatible for Editor in 0.90 ms, found 2 plugins.
Preloading 0 native plugins for Editor in 0.00 ms.
Mono: successfully reloaded assembly
- Completed reload, in  1.567 seconds
Platform modules already initialized, skipping
Shader 'Universal Render Pipeline/Particles/Lit': fallback shader 'Universal Render Pipeline/Particles/SimpleLit' not found
Shader 'Universal Render Pipeline/Particles/Lit': fallback shader 'Universal Render Pipeline/Particles/SimpleLit' not found
Refreshing native plugins compatible for Editor in 0.88 ms, found 2 plugins.
Preloading 0 native plugins for Editor in 0.00 ms.
Unloading 2968 Unused Serialized files (Serialized files now loaded: 0)
System memory in use before: 134.8 MB.
System memory in use after: 132.6 MB.

Unloading 44 unused Assets to reduce memory usage. Loaded Objects now: 3472.
Total: 5.581800 ms (FindLiveObjects: 0.336800 ms CreateObjectMapping: 0.193200 ms MarkObjects: 3.205500 ms  DeleteObjects: 1.844600 ms)

========================================================================
Received Import Request.
  Time since last request: 366.192412 seconds.
  path: Assets/Scripts/Controller/PlayerController.cs
  artifactKey: Guid(dcf83100f3366f949803990b67dfaea5) Importer(815301076,1909f56bfc062723c751e8b465ee728b)
Start importing Assets/Scripts/Controller/PlayerController.cs using Guid(dcf83100f3366f949803990b67dfaea5) Importer(815301076,1909f56bfc062723c751e8b465ee728b)  -> (artifact id: '4fbb7f1fff4649c777184894ac989737') in 0.007286 seconds
  Import took 0.013251 seconds .

