Using pre-set license
Built from '2020.3/staging' branch; Version is '2020.3.11f1 (99c7afb366b3) revision 10078127'; Using compiler version '192528614'; Build Type 'Release'
OS: 'Windows 10 Pro; OS build 19043.1237; Version 2009; 64bit' Language: 'en' Physical Memory: 16299 MB
BatchMode: 1, IsHumanControllingUs: 0, StartBugReporterOnCrash: 0, Is64bit: 1, IsPro: 0

 COMMAND LINE ARGUMENTS:
C:\Program Files\Unity\Hub\Editor\2020.3.11f1\Editor\Unity.exe
-adb2
-batchMode
-noUpm
-name
AssetImportWorker0
-projectPath
C:/Users/Admin/3D Shooter
-logFile
Logs/AssetImportWorker0.log
-srvPort
56631
Successfully changed project path to: C:/Users/Admin/3D Shooter
C:/Users/Admin/3D Shooter
Using Asset Import Pipeline V2.
Refreshing native plugins compatible for Editor in 87.19 ms, found 2 plugins.
Preloading 0 native plugins for Editor in 0.00 ms.
Initialize engine version: 2020.3.11f1 (99c7afb366b3)
[Subsystems] Discovering subsystems at path C:/Program Files/Unity/Hub/Editor/2020.3.11f1/Editor/Data/Resources/UnitySubsystems
[Subsystems] Discovering subsystems at path C:/Users/Admin/3D Shooter/Assets
GfxDevice: creating device client; threaded=0
Direct3D:
    Version:  Direct3D 11.0 [level 11.1]
    Renderer: NVIDIA GeForce GT 1030 (ID=0x1d01)
    Vendor:   
    VRAM:     1982 MB
    Driver:   30.0.14.7168
Initialize mono
Mono path[0] = 'C:/Program Files/Unity/Hub/Editor/2020.3.11f1/Editor/Data/Managed'
Mono path[1] = 'C:/Program Files/Unity/Hub/Editor/2020.3.11f1/Editor/Data/MonoBleedingEdge/lib/mono/unityjit'
Mono config path = 'C:/Program Files/Unity/Hub/Editor/2020.3.11f1/Editor/Data/MonoBleedingEdge/etc'
Using monoOptions --debugger-agent=transport=dt_socket,embedding=1,server=y,suspend=n,address=127.0.0.1:56516
Begin MonoManager ReloadAssembly
Registering precompiled unity dll's ...
Register platform support module: C:/Program Files/Unity/Hub/Editor/2020.3.11f1/Editor/Data/PlaybackEngines/WebGLSupport/UnityEditor.WebGL.Extensions.dll
Register platform support module: C:/Program Files/Unity/Hub/Editor/2020.3.11f1/Editor/Data/PlaybackEngines/MacStandaloneSupport/UnityEditor.OSXStandalone.Extensions.dll
Register platform support module: C:/Program Files/Unity/Hub/Editor/2020.3.11f1/Editor/Data/PlaybackEngines/WindowsStandaloneSupport/UnityEditor.WindowsStandalone.Extensions.dll
Register platform support module: C:/Program Files/Unity/Hub/Editor/2020.3.11f1/Editor/Data/PlaybackEngines/LinuxStandaloneSupport/UnityEditor.LinuxStandalone.Extensions.dll
Registered in 0.004416 seconds.
Native extension for LinuxStandalone target not found
Native extension for WindowsStandalone target not found
Native extension for OSXStandalone target not found
Native extension for WebGL target not found
Refreshing native plugins compatible for Editor in 84.50 ms, found 2 plugins.
Preloading 0 native plugins for Editor in 0.00 ms.
Mono: successfully reloaded assembly
- Completed reload, in  2.908 seconds
Platform modules already initialized, skipping
Registering precompiled user dll's ...
Registered in 0.005947 seconds.
Begin MonoManager ReloadAssembly
Native extension for LinuxStandalone target not found
Native extension for WindowsStandalone target not found
Native extension for OSXStandalone target not found
Native extension for WebGL target not found
Refreshing native plugins compatible for Editor in 87.73 ms, found 2 plugins.
Preloading 0 native plugins for Editor in 0.00 ms.
Mono: successfully reloaded assembly
- Completed reload, in  1.771 seconds
Platform modules already initialized, skipping
========================================================================
Worker process is ready to serve import requests
Shader 'Universal Render Pipeline/Particles/Lit': fallback shader 'Universal Render Pipeline/Particles/SimpleLit' not found
Shader 'Universal Render Pipeline/Particles/Lit': fallback shader 'Universal Render Pipeline/Particles/SimpleLit' not found
Launched and connected shader compiler UnityShaderCompiler.exe after 0.05 seconds
Refreshing native plugins compatible for Editor in 0.87 ms, found 2 plugins.
Preloading 0 native plugins for Editor in 0.00 ms.
Unloading 3055 Unused Serialized files (Serialized files now loaded: 0)
System memory in use before: 142.5 MB.
System memory in use after: 140.4 MB.

Unloading 49 unused Assets to reduce memory usage. Loaded Objects now: 3468.
Total: 5.056000 ms (FindLiveObjects: 0.318100 ms CreateObjectMapping: 0.208600 ms MarkObjects: 2.889400 ms  DeleteObjects: 1.638600 ms)

========================================================================
Received Import Request.
  path: Assets/_Scenes/Level3.unity
  artifactKey: Guid(b36b557d582e80b4789df6825b6b1d53) Importer(815301076,1909f56bfc062723c751e8b465ee728b)
Start importing Assets/_Scenes/Level3.unity using Guid(b36b557d582e80b4789df6825b6b1d53) Importer(815301076,1909f56bfc062723c751e8b465ee728b)  -> (artifact id: 'f931cc23286d176a9eefe799ce779f5c') in 0.019963 seconds
  Import took 0.025947 seconds .

========================================================================
Received Import Request.
  Time since last request: 13.500740 seconds.
  path: Assets/_Scenes/Level2.unity
  artifactKey: Guid(786db3e0837022343b9da26a6e9e55b3) Importer(815301076,1909f56bfc062723c751e8b465ee728b)
Start importing Assets/_Scenes/Level2.unity using Guid(786db3e0837022343b9da26a6e9e55b3) Importer(815301076,1909f56bfc062723c751e8b465ee728b)  -> (artifact id: 'e01bb5dc1d24bfc819ff0d8114f28a00') in 0.002977 seconds
  Import took 0.009053 seconds .

========================================================================
Received Import Request.
  Time since last request: 19.688518 seconds.
  path: Assets/_Scenes/Level3.unity
  artifactKey: Guid(b36b557d582e80b4789df6825b6b1d53) Importer(815301076,1909f56bfc062723c751e8b465ee728b)
Start importing Assets/_Scenes/Level3.unity using Guid(b36b557d582e80b4789df6825b6b1d53) Importer(815301076,1909f56bfc062723c751e8b465ee728b)  -> (artifact id: 'b445e5dae930e58cbf88806cd8fdaf5a') in 0.002604 seconds
  Import took 0.008667 seconds .

========================================================================
Received Prepare
Registering precompiled user dll's ...
Registered in 0.005933 seconds.
Begin MonoManager ReloadAssembly
Native extension for LinuxStandalone target not found
Native extension for WindowsStandalone target not found
Native extension for OSXStandalone target not found
Native extension for WebGL target not found
Refreshing native plugins compatible for Editor in 0.91 ms, found 2 plugins.
Preloading 0 native plugins for Editor in 0.00 ms.
Mono: successfully reloaded assembly
- Completed reload, in  1.611 seconds
Platform modules already initialized, skipping
Shader 'Universal Render Pipeline/Particles/Lit': fallback shader 'Universal Render Pipeline/Particles/SimpleLit' not found
Shader 'Universal Render Pipeline/Particles/Lit': fallback shader 'Universal Render Pipeline/Particles/SimpleLit' not found
Refreshing native plugins compatible for Editor in 0.91 ms, found 2 plugins.
Preloading 0 native plugins for Editor in 0.00 ms.
Unloading 2966 Unused Serialized files (Serialized files now loaded: 0)
System memory in use before: 137.6 MB.
System memory in use after: 135.5 MB.

Unloading 42 unused Assets to reduce memory usage. Loaded Objects now: 3471.
Total: 5.123500 ms (FindLiveObjects: 0.343200 ms CreateObjectMapping: 0.203500 ms MarkObjects: 2.875800 ms  DeleteObjects: 1.699500 ms)

========================================================================
Received Import Request.
  Time since last request: 2511.917315 seconds.
  path: Assets/Art/New Terrain.asset
  artifactKey: Guid(520dfb4a1a1130644aa58e7bbf4b2587) Importer(815301076,1909f56bfc062723c751e8b465ee728b)
Start importing Assets/Art/New Terrain.asset using Guid(520dfb4a1a1130644aa58e7bbf4b2587) Importer(815301076,1909f56bfc062723c751e8b465ee728b)  -> (artifact id: '4a78dc9a79eb6a02168510fb82336224') in 0.175756 seconds
  Import took 0.184883 seconds .

========================================================================
Received Prepare
Registering precompiled user dll's ...
Registered in 0.005632 seconds.
Begin MonoManager ReloadAssembly
Native extension for LinuxStandalone target not found
Native extension for WindowsStandalone target not found
Native extension for OSXStandalone target not found
Native extension for WebGL target not found
Refreshing native plugins compatible for Editor in 0.85 ms, found 2 plugins.
Preloading 0 native plugins for Editor in 0.00 ms.
Mono: successfully reloaded assembly
- Completed reload, in  1.560 seconds
Platform modules already initialized, skipping
Shader 'Universal Render Pipeline/Particles/Lit': fallback shader 'Universal Render Pipeline/Particles/SimpleLit' not found
Shader 'Universal Render Pipeline/Particles/Lit': fallback shader 'Universal Render Pipeline/Particles/SimpleLit' not found
Refreshing native plugins compatible for Editor in 0.92 ms, found 2 plugins.
Preloading 0 native plugins for Editor in 0.00 ms.
Unloading 2972 Unused Serialized files (Serialized files now loaded: 0)
System memory in use before: 139.5 MB.
System memory in use after: 137.9 MB.

Unloading 36 unused Assets to reduce memory usage. Loaded Objects now: 3489.
Total: 4.991300 ms (FindLiveObjects: 0.311400 ms CreateObjectMapping: 0.196400 ms MarkObjects: 3.210600 ms  DeleteObjects: 1.271500 ms)

========================================================================
Received Import Request.
  Time since last request: 2356.722257 seconds.
  path: Assets/Prefabs/Environment/Roofs
  artifactKey: Guid(55cd40257a46670469b0ee283cc2bae7) Importer(815301076,1909f56bfc062723c751e8b465ee728b)
Start importing Assets/Prefabs/Environment/Roofs using Guid(55cd40257a46670469b0ee283cc2bae7) Importer(815301076,1909f56bfc062723c751e8b465ee728b)  -> (artifact id: '4c582c86267c8e1cefbd04e3f88a0d45') in 0.012804 seconds
  Import took 0.019799 seconds .

========================================================================
Received Prepare
Registering precompiled user dll's ...
Registered in 0.006054 seconds.
Begin MonoManager ReloadAssembly
Native extension for LinuxStandalone target not found
Native extension for WindowsStandalone target not found
Native extension for OSXStandalone target not found
Native extension for WebGL target not found
Refreshing native plugins compatible for Editor in 0.92 ms, found 2 plugins.
Preloading 0 native plugins for Editor in 0.00 ms.
Mono: successfully reloaded assembly
- Completed reload, in  1.636 seconds
Platform modules already initialized, skipping
Shader 'Universal Render Pipeline/Particles/Lit': fallback shader 'Universal Render Pipeline/Particles/SimpleLit' not found
Shader 'Universal Render Pipeline/Particles/Lit': fallback shader 'Universal Render Pipeline/Particles/SimpleLit' not found
Refreshing native plugins compatible for Editor in 0.91 ms, found 2 plugins.
Preloading 0 native plugins for Editor in 0.00 ms.
Unloading 2960 Unused Serialized files (Serialized files now loaded: 0)
System memory in use before: 138.5 MB.
System memory in use after: 137.0 MB.

Unloading 36 unused Assets to reduce memory usage. Loaded Objects now: 3492.
Total: 4.908300 ms (FindLiveObjects: 0.350700 ms CreateObjectMapping: 0.196700 ms MarkObjects: 3.024500 ms  DeleteObjects: 1.334900 ms)

========================================================================
Received Prepare
Registering precompiled user dll's ...
Registered in 0.006141 seconds.
Begin MonoManager ReloadAssembly
Native extension for LinuxStandalone target not found
Native extension for WindowsStandalone target not found
Native extension for OSXStandalone target not found
Native extension for WebGL target not found
Refreshing native plugins compatible for Editor in 0.89 ms, found 2 plugins.
Preloading 0 native plugins for Editor in 0.00 ms.
Mono: successfully reloaded assembly
- Completed reload, in  1.552 seconds
Platform modules already initialized, skipping
Shader 'Universal Render Pipeline/Particles/Lit': fallback shader 'Universal Render Pipeline/Particles/SimpleLit' not found
Shader 'Universal Render Pipeline/Particles/Lit': fallback shader 'Universal Render Pipeline/Particles/SimpleLit' not found
Refreshing native plugins compatible for Editor in 0.87 ms, found 2 plugins.
Preloading 0 native plugins for Editor in 0.00 ms.
Unloading 2960 Unused Serialized files (Serialized files now loaded: 0)
System memory in use before: 138.5 MB.
System memory in use after: 137.0 MB.

Unloading 36 unused Assets to reduce memory usage. Loaded Objects now: 3495.
Total: 4.907700 ms (FindLiveObjects: 0.321500 ms CreateObjectMapping: 0.205000 ms MarkObjects: 3.019400 ms  DeleteObjects: 1.360400 ms)

========================================================================
Received Import Request.
  Time since last request: 1106.824215 seconds.
  path: Assets/_Scenes/Level3.unity
  artifactKey: Guid(b36b557d582e80b4789df6825b6b1d53) Importer(815301076,1909f56bfc062723c751e8b465ee728b)
Start importing Assets/_Scenes/Level3.unity using Guid(b36b557d582e80b4789df6825b6b1d53) Importer(815301076,1909f56bfc062723c751e8b465ee728b)  -> (artifact id: 'c540f0c1ca8248c9260d6aedc9318cbb') in 0.018347 seconds
  Import took 0.025123 seconds .

========================================================================
Received Import Request.
  Time since last request: 146.290551 seconds.
  path: Assets/Prefabs/Environment/Props/Planetary_Station/SateliteDishes/SateliteDishTower.prefab
  artifactKey: Guid(8f336ddd8f323444c9dc27f7dbe8d38b) Importer(815301076,1909f56bfc062723c751e8b465ee728b)
Start importing Assets/Prefabs/Environment/Props/Planetary_Station/SateliteDishes/SateliteDishTower.prefab using Guid(8f336ddd8f323444c9dc27f7dbe8d38b) Importer(815301076,1909f56bfc062723c751e8b465ee728b)  -> (artifact id: '28654809987018cf8900f7309cb9d259') in 0.305752 seconds
  Import took 0.314463 seconds .

========================================================================
Received Import Request.
  Time since last request: 281.093571 seconds.
  path: Assets/_Scenes/Level1.unity
  artifactKey: Guid(96800177dfc1d2640a498db1d6bea764) Importer(815301076,1909f56bfc062723c751e8b465ee728b)
Start importing Assets/_Scenes/Level1.unity using Guid(96800177dfc1d2640a498db1d6bea764) Importer(815301076,1909f56bfc062723c751e8b465ee728b)  -> (artifact id: 'e2633705e2780cbd6e407bacc43d0e2c') in 0.003347 seconds
  Import took 0.009715 seconds .

========================================================================
Received Prepare
Registering precompiled user dll's ...
Registered in 0.005704 seconds.
Begin MonoManager ReloadAssembly
Native extension for LinuxStandalone target not found
Native extension for WindowsStandalone target not found
Native extension for OSXStandalone target not found
Native extension for WebGL target not found
Refreshing native plugins compatible for Editor in 0.89 ms, found 2 plugins.
Preloading 0 native plugins for Editor in 0.00 ms.
Mono: successfully reloaded assembly
- Completed reload, in  1.622 seconds
Platform modules already initialized, skipping
Shader 'Universal Render Pipeline/Particles/Lit': fallback shader 'Universal Render Pipeline/Particles/SimpleLit' not found
Shader 'Universal Render Pipeline/Particles/Lit': fallback shader 'Universal Render Pipeline/Particles/SimpleLit' not found
Refreshing native plugins compatible for Editor in 0.90 ms, found 2 plugins.
Preloading 0 native plugins for Editor in 0.00 ms.
Unloading 2960 Unused Serialized files (Serialized files now loaded: 0)
System memory in use before: 143.7 MB.
System memory in use after: 142.2 MB.

Unloading 36 unused Assets to reduce memory usage. Loaded Objects now: 3543.
Total: 4.759500 ms (FindLiveObjects: 0.315200 ms CreateObjectMapping: 0.197200 ms MarkObjects: 3.023000 ms  DeleteObjects: 1.222900 ms)

========================================================================
Received Import Request.
  Time since last request: 18.800787 seconds.
  path: Assets/_Scenes/Level3.unity
  artifactKey: Guid(b36b557d582e80b4789df6825b6b1d53) Importer(815301076,1909f56bfc062723c751e8b465ee728b)
Start importing Assets/_Scenes/Level3.unity using Guid(b36b557d582e80b4789df6825b6b1d53) Importer(815301076,1909f56bfc062723c751e8b465ee728b)  -> (artifact id: '254b377646dfc7138957c0c3f8853ff6') in 0.044512 seconds
  Import took 0.051638 seconds .

========================================================================
Received Prepare
Registering precompiled user dll's ...
Registered in 0.005698 seconds.
Begin MonoManager ReloadAssembly
Native extension for LinuxStandalone target not found
Native extension for WindowsStandalone target not found
Native extension for OSXStandalone target not found
Native extension for WebGL target not found
Refreshing native plugins compatible for Editor in 0.88 ms, found 2 plugins.
Preloading 0 native plugins for Editor in 0.00 ms.
Mono: successfully reloaded assembly
- Completed reload, in  1.591 seconds
Platform modules already initialized, skipping
Shader 'Universal Render Pipeline/Particles/Lit': fallback shader 'Universal Render Pipeline/Particles/SimpleLit' not found
Shader 'Universal Render Pipeline/Particles/Lit': fallback shader 'Universal Render Pipeline/Particles/SimpleLit' not found
Refreshing native plugins compatible for Editor in 0.88 ms, found 2 plugins.
Preloading 0 native plugins for Editor in 0.00 ms.
Unloading 2960 Unused Serialized files (Serialized files now loaded: 0)
System memory in use before: 143.7 MB.
System memory in use after: 142.2 MB.

Unloading 36 unused Assets to reduce memory usage. Loaded Objects now: 3546.
Total: 4.833400 ms (FindLiveObjects: 0.315800 ms CreateObjectMapping: 0.195100 ms MarkObjects: 3.016400 ms  DeleteObjects: 1.304800 ms)

========================================================================
Received Import Request.
  Time since last request: 597.220651 seconds.
  path: Assets/_Scenes/Level3.unity
  artifactKey: Guid(b36b557d582e80b4789df6825b6b1d53) Importer(815301076,1909f56bfc062723c751e8b465ee728b)
Start importing Assets/_Scenes/Level3.unity using Guid(b36b557d582e80b4789df6825b6b1d53) Importer(815301076,1909f56bfc062723c751e8b465ee728b)  -> (artifact id: '9f4b90ec79a849d9e7c076c1246bd76b') in 0.041557 seconds
  Import took 0.048623 seconds .

========================================================================
Received Import Request.
  Time since last request: 66.986568 seconds.
  path: Assets/Prefabs/Effects/Enemies/EnemyHurtEffect.prefab
  artifactKey: Guid(b4b5f92d032abe64b84d7639d84610e8) Importer(815301076,1909f56bfc062723c751e8b465ee728b)
Start importing Assets/Prefabs/Effects/Enemies/EnemyHurtEffect.prefab using Guid(b4b5f92d032abe64b84d7639d84610e8) Importer(815301076,1909f56bfc062723c751e8b465ee728b)  -> (artifact id: 'd71e9ed8b0617e44d81abd68cfeedd47') in 0.019631 seconds
  Import took 0.025932 seconds .

========================================================================
Received Import Request.
  Time since last request: 0.022121 seconds.
  path: Assets/Prefabs/Effects/Enemies/EnemyHurtEffect.prefab
  artifactKey: Guid(b4b5f92d032abe64b84d7639d84610e8) Importer(815301076,1909f56bfc062723c751e8b465ee728b)
Start importing Assets/Prefabs/Effects/Enemies/EnemyHurtEffect.prefab using Guid(b4b5f92d032abe64b84d7639d84610e8) Importer(815301076,1909f56bfc062723c751e8b465ee728b)  -> (artifact id: 'd71e9ed8b0617e44d81abd68cfeedd47') in 0.003567 seconds
  Import took 0.008808 seconds .

========================================================================
Received Prepare
Registering precompiled user dll's ...
Registered in 0.005738 seconds.
Begin MonoManager ReloadAssembly
Native extension for LinuxStandalone target not found
Native extension for WindowsStandalone target not found
Native extension for OSXStandalone target not found
Native extension for WebGL target not found
Refreshing native plugins compatible for Editor in 0.91 ms, found 2 plugins.
Preloading 0 native plugins for Editor in 0.00 ms.
Mono: successfully reloaded assembly
- Completed reload, in  1.598 seconds
Platform modules already initialized, skipping
Shader 'Universal Render Pipeline/Particles/Lit': fallback shader 'Universal Render Pipeline/Particles/SimpleLit' not found
Shader 'Universal Render Pipeline/Particles/Lit': fallback shader 'Universal Render Pipeline/Particles/SimpleLit' not found
Refreshing native plugins compatible for Editor in 0.91 ms, found 2 plugins.
Preloading 0 native plugins for Editor in 0.00 ms.
Unloading 2960 Unused Serialized files (Serialized files now loaded: 0)
System memory in use before: 143.8 MB.
System memory in use after: 142.2 MB.

Unloading 36 unused Assets to reduce memory usage. Loaded Objects now: 3549.
Total: 4.755100 ms (FindLiveObjects: 0.321400 ms CreateObjectMapping: 0.195100 ms MarkObjects: 2.920800 ms  DeleteObjects: 1.316700 ms)

========================================================================
Received Prepare
Registering precompiled user dll's ...
Registered in 0.005794 seconds.
Begin MonoManager ReloadAssembly
Native extension for LinuxStandalone target not found
Native extension for WindowsStandalone target not found
Native extension for OSXStandalone target not found
Native extension for WebGL target not found
Refreshing native plugins compatible for Editor in 0.97 ms, found 2 plugins.
Preloading 0 native plugins for Editor in 0.00 ms.
Mono: successfully reloaded assembly
- Completed reload, in  1.590 seconds
Platform modules already initialized, skipping
Shader 'Universal Render Pipeline/Particles/Lit': fallback shader 'Universal Render Pipeline/Particles/SimpleLit' not found
Shader 'Universal Render Pipeline/Particles/Lit': fallback shader 'Universal Render Pipeline/Particles/SimpleLit' not found
Refreshing native plugins compatible for Editor in 0.90 ms, found 2 plugins.
Preloading 0 native plugins for Editor in 0.00 ms.
Unloading 2960 Unused Serialized files (Serialized files now loaded: 0)
System memory in use before: 143.8 MB.
System memory in use after: 142.2 MB.

Unloading 36 unused Assets to reduce memory usage. Loaded Objects now: 3552.
Total: 4.902200 ms (FindLiveObjects: 0.341200 ms CreateObjectMapping: 0.212400 ms MarkObjects: 3.015700 ms  DeleteObjects: 1.331700 ms)

========================================================================
Received Prepare
Registering precompiled user dll's ...
Registered in 0.005874 seconds.
Begin MonoManager ReloadAssembly
Native extension for LinuxStandalone target not found
Native extension for WindowsStandalone target not found
Native extension for OSXStandalone target not found
Native extension for WebGL target not found
Refreshing native plugins compatible for Editor in 0.92 ms, found 2 plugins.
Preloading 0 native plugins for Editor in 0.00 ms.
Mono: successfully reloaded assembly
- Completed reload, in  1.627 seconds
Platform modules already initialized, skipping
Shader 'Universal Render Pipeline/Particles/Lit': fallback shader 'Universal Render Pipeline/Particles/SimpleLit' not found
Shader 'Universal Render Pipeline/Particles/Lit': fallback shader 'Universal Render Pipeline/Particles/SimpleLit' not found
Refreshing native plugins compatible for Editor in 0.88 ms, found 2 plugins.
Preloading 0 native plugins for Editor in 0.00 ms.
Unloading 2960 Unused Serialized files (Serialized files now loaded: 0)
System memory in use before: 143.8 MB.
System memory in use after: 142.2 MB.

Unloading 36 unused Assets to reduce memory usage. Loaded Objects now: 3555.
Total: 5.129500 ms (FindLiveObjects: 0.317000 ms CreateObjectMapping: 0.193100 ms MarkObjects: 3.252800 ms  DeleteObjects: 1.365300 ms)

========================================================================
Received Prepare
Registering precompiled user dll's ...
Registered in 0.005641 seconds.
Begin MonoManager ReloadAssembly
Native extension for LinuxStandalone target not found
Native extension for WindowsStandalone target not found
Native extension for OSXStandalone target not found
Native extension for WebGL target not found
Refreshing native plugins compatible for Editor in 0.86 ms, found 2 plugins.
Preloading 0 native plugins for Editor in 0.00 ms.
Mono: successfully reloaded assembly
- Completed reload, in  1.579 seconds
Platform modules already initialized, skipping
Shader 'Universal Render Pipeline/Particles/Lit': fallback shader 'Universal Render Pipeline/Particles/SimpleLit' not found
Shader 'Universal Render Pipeline/Particles/Lit': fallback shader 'Universal Render Pipeline/Particles/SimpleLit' not found
Refreshing native plugins compatible for Editor in 0.88 ms, found 2 plugins.
Preloading 0 native plugins for Editor in 0.00 ms.
Unloading 2960 Unused Serialized files (Serialized files now loaded: 0)
System memory in use before: 143.8 MB.
System memory in use after: 142.2 MB.

Unloading 36 unused Assets to reduce memory usage. Loaded Objects now: 3558.
Total: 4.775000 ms (FindLiveObjects: 0.314600 ms CreateObjectMapping: 0.199600 ms MarkObjects: 2.900200 ms  DeleteObjects: 1.359500 ms)

========================================================================
Received Prepare
Registering precompiled user dll's ...
Registered in 0.005712 seconds.
Begin MonoManager ReloadAssembly
Native extension for LinuxStandalone target not found
Native extension for WindowsStandalone target not found
Native extension for OSXStandalone target not found
Native extension for WebGL target not found
Refreshing native plugins compatible for Editor in 0.86 ms, found 2 plugins.
Preloading 0 native plugins for Editor in 0.00 ms.
Mono: successfully reloaded assembly
- Completed reload, in  1.580 seconds
Platform modules already initialized, skipping
Shader 'Universal Render Pipeline/Particles/Lit': fallback shader 'Universal Render Pipeline/Particles/SimpleLit' not found
Shader 'Universal Render Pipeline/Particles/Lit': fallback shader 'Universal Render Pipeline/Particles/SimpleLit' not found
Refreshing native plugins compatible for Editor in 0.91 ms, found 2 plugins.
Preloading 0 native plugins for Editor in 0.00 ms.
Unloading 2960 Unused Serialized files (Serialized files now loaded: 0)
System memory in use before: 143.8 MB.
System memory in use after: 142.2 MB.

Unloading 36 unused Assets to reduce memory usage. Loaded Objects now: 3561.
Total: 4.807500 ms (FindLiveObjects: 0.321500 ms CreateObjectMapping: 0.194100 ms MarkObjects: 2.953200 ms  DeleteObjects: 1.337300 ms)

========================================================================
Received Prepare
Registering precompiled user dll's ...
Registered in 0.005697 seconds.
Begin MonoManager ReloadAssembly
Native extension for LinuxStandalone target not found
Native extension for WindowsStandalone target not found
Native extension for OSXStandalone target not found
Native extension for WebGL target not found
Refreshing native plugins compatible for Editor in 0.88 ms, found 2 plugins.
Preloading 0 native plugins for Editor in 0.00 ms.
Mono: successfully reloaded assembly
- Completed reload, in  1.576 seconds
Platform modules already initialized, skipping
Shader 'Universal Render Pipeline/Particles/Lit': fallback shader 'Universal Render Pipeline/Particles/SimpleLit' not found
Shader 'Universal Render Pipeline/Particles/Lit': fallback shader 'Universal Render Pipeline/Particles/SimpleLit' not found
Refreshing native plugins compatible for Editor in 0.92 ms, found 2 plugins.
Preloading 0 native plugins for Editor in 0.00 ms.
Unloading 2960 Unused Serialized files (Serialized files now loaded: 0)
System memory in use before: 143.8 MB.
System memory in use after: 142.3 MB.

Unloading 36 unused Assets to reduce memory usage. Loaded Objects now: 3564.
Total: 4.864800 ms (FindLiveObjects: 0.323500 ms CreateObjectMapping: 0.200100 ms MarkObjects: 2.960500 ms  DeleteObjects: 1.379400 ms)

========================================================================
Received Prepare
Registering precompiled user dll's ...
Registered in 0.005877 seconds.
Begin MonoManager ReloadAssembly
Native extension for LinuxStandalone target not found
Native extension for WindowsStandalone target not found
Native extension for OSXStandalone target not found
Native extension for WebGL target not found
Refreshing native plugins compatible for Editor in 0.87 ms, found 2 plugins.
Preloading 0 native plugins for Editor in 0.00 ms.
Mono: successfully reloaded assembly
- Completed reload, in  1.572 seconds
Platform modules already initialized, skipping
Shader 'Universal Render Pipeline/Particles/Lit': fallback shader 'Universal Render Pipeline/Particles/SimpleLit' not found
Shader 'Universal Render Pipeline/Particles/Lit': fallback shader 'Universal Render Pipeline/Particles/SimpleLit' not found
Refreshing native plugins compatible for Editor in 0.90 ms, found 2 plugins.
Preloading 0 native plugins for Editor in 0.00 ms.
Unloading 2960 Unused Serialized files (Serialized files now loaded: 0)
System memory in use before: 143.8 MB.
System memory in use after: 142.3 MB.

Unloading 36 unused Assets to reduce memory usage. Loaded Objects now: 3567.
Total: 4.801700 ms (FindLiveObjects: 0.317300 ms CreateObjectMapping: 0.198100 ms MarkObjects: 2.936200 ms  DeleteObjects: 1.348600 ms)

========================================================================
Received Prepare
Registering precompiled user dll's ...
Registered in 0.005950 seconds.
Begin MonoManager ReloadAssembly
Native extension for LinuxStandalone target not found
Native extension for WindowsStandalone target not found
Native extension for OSXStandalone target not found
Native extension for WebGL target not found
Refreshing native plugins compatible for Editor in 0.86 ms, found 2 plugins.
Preloading 0 native plugins for Editor in 0.00 ms.
Mono: successfully reloaded assembly
- Completed reload, in  1.588 seconds
Platform modules already initialized, skipping
Shader 'Universal Render Pipeline/Particles/Lit': fallback shader 'Universal Render Pipeline/Particles/SimpleLit' not found
Shader 'Universal Render Pipeline/Particles/Lit': fallback shader 'Universal Render Pipeline/Particles/SimpleLit' not found
Refreshing native plugins compatible for Editor in 0.89 ms, found 2 plugins.
Preloading 0 native plugins for Editor in 0.00 ms.
Unloading 2960 Unused Serialized files (Serialized files now loaded: 0)
System memory in use before: 143.8 MB.
System memory in use after: 142.3 MB.

Unloading 36 unused Assets to reduce memory usage. Loaded Objects now: 3570.
Total: 5.352500 ms (FindLiveObjects: 0.324500 ms CreateObjectMapping: 0.201200 ms MarkObjects: 3.375900 ms  DeleteObjects: 1.449500 ms)

========================================================================
Received Import Request.
  Time since last request: 2798.704159 seconds.
  path: Assets/Prefabs/Enemies/FlyingSelfDestructingEnemy.prefab
  artifactKey: Guid(4186f78c80afc8f44b6f401d9821b731) Importer(815301076,1909f56bfc062723c751e8b465ee728b)
Start importing Assets/Prefabs/Enemies/FlyingSelfDestructingEnemy.prefab using Guid(4186f78c80afc8f44b6f401d9821b731) Importer(815301076,1909f56bfc062723c751e8b465ee728b)  -> (artifact id: '2820023cc69c6d310c4fa5cebfcc8a07') in 0.315468 seconds
  Import took 0.325722 seconds .

========================================================================
Received Import Request.
  Time since last request: 1.181304 seconds.
  path: Assets/Prefabs/Enemies/GroundShooterEnemy.prefab
  artifactKey: Guid(10f88a4871fe3834da528e12c383cd47) Importer(815301076,1909f56bfc062723c751e8b465ee728b)
Start importing Assets/Prefabs/Enemies/GroundShooterEnemy.prefab using Guid(10f88a4871fe3834da528e12c383cd47) Importer(815301076,1909f56bfc062723c751e8b465ee728b)  -> (artifact id: 'ba7f527d9ce3c7ddd615aa8897a3c44c') in 0.067046 seconds
  Import took 0.076674 seconds .

========================================================================
Received Import Request.
  Time since last request: 0.000684 seconds.
  path: Assets/Prefabs/Enemies/GroundShooterEnemy.prefab
  artifactKey: Guid(10f88a4871fe3834da528e12c383cd47) Importer(815301076,1909f56bfc062723c751e8b465ee728b)
Start importing Assets/Prefabs/Enemies/GroundShooterEnemy.prefab using Guid(10f88a4871fe3834da528e12c383cd47) Importer(815301076,1909f56bfc062723c751e8b465ee728b)  -> (artifact id: 'ba7f527d9ce3c7ddd615aa8897a3c44c') in 0.060383 seconds
  Import took 0.069521 seconds .

========================================================================
Received Import Request.
  Time since last request: 3.892761 seconds.
  path: Assets/_Scenes/Level3.unity
  artifactKey: Guid(b36b557d582e80b4789df6825b6b1d53) Importer(815301076,1909f56bfc062723c751e8b465ee728b)
Start importing Assets/_Scenes/Level3.unity using Guid(b36b557d582e80b4789df6825b6b1d53) Importer(815301076,1909f56bfc062723c751e8b465ee728b)  -> (artifact id: '43422c7e60f1335329004bd41ea8faf2') in 0.002733 seconds
  Import took 0.009110 seconds .

========================================================================
Received Import Request.
  Time since last request: 18.597205 seconds.
  path: Assets/Prefabs/Enemies/GroundMelee.prefab
  artifactKey: Guid(eca7e8b8e6d5b3744af942b805dcad7a) Importer(815301076,1909f56bfc062723c751e8b465ee728b)
Start importing Assets/Prefabs/Enemies/GroundMelee.prefab using Guid(eca7e8b8e6d5b3744af942b805dcad7a) Importer(815301076,1909f56bfc062723c751e8b465ee728b)  -> (artifact id: 'd5bfa53f791046167d138e53c108dc6b') in 0.026325 seconds
  Import took 0.033898 seconds .

========================================================================
Received Import Request.
  Time since last request: 0.529162 seconds.
  path: Assets/Prefabs/Environment
  artifactKey: Guid(e5420c0eccf2cea4bb3068338076277a) Importer(815301076,1909f56bfc062723c751e8b465ee728b)
Start importing Assets/Prefabs/Environment using Guid(e5420c0eccf2cea4bb3068338076277a) Importer(815301076,1909f56bfc062723c751e8b465ee728b)  -> (artifact id: 'ec591e398995aac5a7e7b0853401123b') in 0.002383 seconds
  Import took 0.008595 seconds .

========================================================================
Received Prepare
Registering precompiled user dll's ...
Registered in 0.005704 seconds.
Begin MonoManager ReloadAssembly
Native extension for LinuxStandalone target not found
Native extension for WindowsStandalone target not found
Native extension for OSXStandalone target not found
Native extension for WebGL target not found
Refreshing native plugins compatible for Editor in 0.90 ms, found 2 plugins.
Preloading 0 native plugins for Editor in 0.00 ms.
Mono: successfully reloaded assembly
- Completed reload, in  1.606 seconds
Platform modules already initialized, skipping
Shader 'Universal Render Pipeline/Particles/Lit': fallback shader 'Universal Render Pipeline/Particles/SimpleLit' not found
Shader 'Universal Render Pipeline/Particles/Lit': fallback shader 'Universal Render Pipeline/Particles/SimpleLit' not found
Refreshing native plugins compatible for Editor in 0.86 ms, found 2 plugins.
Preloading 0 native plugins for Editor in 0.00 ms.
Unloading 2960 Unused Serialized files (Serialized files now loaded: 0)
System memory in use before: 144.8 MB.
System memory in use after: 143.3 MB.

Unloading 37 unused Assets to reduce memory usage. Loaded Objects now: 3612.
Total: 5.030900 ms (FindLiveObjects: 0.323100 ms CreateObjectMapping: 0.199700 ms MarkObjects: 3.100700 ms  DeleteObjects: 1.406000 ms)

========================================================================
Received Prepare
Registering precompiled user dll's ...
Registered in 0.005697 seconds.
Begin MonoManager ReloadAssembly
Native extension for LinuxStandalone target not found
Native extension for WindowsStandalone target not found
Native extension for OSXStandalone target not found
Native extension for WebGL target not found
Refreshing native plugins compatible for Editor in 0.86 ms, found 2 plugins.
Preloading 0 native plugins for Editor in 0.00 ms.
Mono: successfully reloaded assembly
- Completed reload, in  1.604 seconds
Platform modules already initialized, skipping
Shader 'Universal Render Pipeline/Particles/Lit': fallback shader 'Universal Render Pipeline/Particles/SimpleLit' not found
Shader 'Universal Render Pipeline/Particles/Lit': fallback shader 'Universal Render Pipeline/Particles/SimpleLit' not found
Refreshing native plugins compatible for Editor in 0.88 ms, found 2 plugins.
Preloading 0 native plugins for Editor in 0.00 ms.
Unloading 2960 Unused Serialized files (Serialized files now loaded: 0)
System memory in use before: 144.8 MB.
System memory in use after: 143.3 MB.

Unloading 36 unused Assets to reduce memory usage. Loaded Objects now: 3615.
Total: 4.899100 ms (FindLiveObjects: 0.322700 ms CreateObjectMapping: 0.193700 ms MarkObjects: 3.039000 ms  DeleteObjects: 1.342200 ms)

========================================================================
Received Import Request.
  Time since last request: 133.548145 seconds.
  path: Assets/Prefabs/Enemies/FlyingShooterEnemy.prefab
  artifactKey: Guid(439a8a9d721048a46bec9d47581b4c1d) Importer(815301076,1909f56bfc062723c751e8b465ee728b)
Start importing Assets/Prefabs/Enemies/FlyingShooterEnemy.prefab using Guid(439a8a9d721048a46bec9d47581b4c1d) Importer(815301076,1909f56bfc062723c751e8b465ee728b)  -> (artifact id: 'caf0e899d7ad94bdd654d97fab4da48c') in 0.390853 seconds
  Import took 0.401279 seconds .

========================================================================
Received Prepare
Registering precompiled user dll's ...
Registered in 0.005671 seconds.
Begin MonoManager ReloadAssembly
Native extension for LinuxStandalone target not found
Native extension for WindowsStandalone target not found
Native extension for OSXStandalone target not found
Native extension for WebGL target not found
Refreshing native plugins compatible for Editor in 0.90 ms, found 2 plugins.
Preloading 0 native plugins for Editor in 0.00 ms.
Mono: successfully reloaded assembly
- Completed reload, in  1.612 seconds
Platform modules already initialized, skipping
Shader 'Universal Render Pipeline/Particles/Lit': fallback shader 'Universal Render Pipeline/Particles/SimpleLit' not found
Shader 'Universal Render Pipeline/Particles/Lit': fallback shader 'Universal Render Pipeline/Particles/SimpleLit' not found
Refreshing native plugins compatible for Editor in 0.89 ms, found 2 plugins.
Preloading 0 native plugins for Editor in 0.00 ms.
Unloading 2960 Unused Serialized files (Serialized files now loaded: 0)
System memory in use before: 144.9 MB.
System memory in use after: 143.4 MB.

Unloading 37 unused Assets to reduce memory usage. Loaded Objects now: 3654.
Total: 5.054600 ms (FindLiveObjects: 0.334800 ms CreateObjectMapping: 0.193400 ms MarkObjects: 3.142100 ms  DeleteObjects: 1.382800 ms)

========================================================================
Received Import Request.
  Time since last request: 281.942537 seconds.
  path: Assets/_Scenes/Level1.unity
  artifactKey: Guid(96800177dfc1d2640a498db1d6bea764) Importer(815301076,1909f56bfc062723c751e8b465ee728b)
Start importing Assets/_Scenes/Level1.unity using Guid(96800177dfc1d2640a498db1d6bea764) Importer(815301076,1909f56bfc062723c751e8b465ee728b)  -> (artifact id: '988747052d536cd09b3f64b86792773e') in 0.047574 seconds
  Import took 0.054973 seconds .

========================================================================
Received Import Request.
  Time since last request: 467.635910 seconds.
  path: Assets/_Scenes/Level3.unity
  artifactKey: Guid(b36b557d582e80b4789df6825b6b1d53) Importer(815301076,1909f56bfc062723c751e8b465ee728b)
Start importing Assets/_Scenes/Level3.unity using Guid(b36b557d582e80b4789df6825b6b1d53) Importer(815301076,1909f56bfc062723c751e8b465ee728b)  -> (artifact id: '1554170769e95be65b6a92fb0e4d424c') in 0.002758 seconds
  Import took 0.009190 seconds .

========================================================================
Received Import Request.
  Time since last request: 0.002456 seconds.
  path: Assets/_Scenes/Level3.unity
  artifactKey: Guid(b36b557d582e80b4789df6825b6b1d53) Importer(815301076,1909f56bfc062723c751e8b465ee728b)
Start importing Assets/_Scenes/Level3.unity using Guid(b36b557d582e80b4789df6825b6b1d53) Importer(815301076,1909f56bfc062723c751e8b465ee728b)  -> (artifact id: '1554170769e95be65b6a92fb0e4d424c') in 0.002123 seconds
  Import took 0.007265 seconds .

========================================================================
Received Import Request.
  Time since last request: 30.380222 seconds.
  path: Assets/Prefabs/Enemies/_Spawners/Spawner_GroundShooter.prefab
  artifactKey: Guid(6d78cca8a9236ea48a427c94c2f00cca) Importer(815301076,1909f56bfc062723c751e8b465ee728b)
Start importing Assets/Prefabs/Enemies/_Spawners/Spawner_GroundShooter.prefab using Guid(6d78cca8a9236ea48a427c94c2f00cca) Importer(815301076,1909f56bfc062723c751e8b465ee728b)  -> (artifact id: '7bb381e440ecf0c61b8147e0e6572356') in 0.264211 seconds
  Import took 0.273656 seconds .

========================================================================
Received Prepare
Registering precompiled user dll's ...
Registered in 0.006054 seconds.
Begin MonoManager ReloadAssembly
Native extension for LinuxStandalone target not found
Native extension for WindowsStandalone target not found
Native extension for OSXStandalone target not found
Native extension for WebGL target not found
Refreshing native plugins compatible for Editor in 0.91 ms, found 2 plugins.
Preloading 0 native plugins for Editor in 0.00 ms.
Mono: successfully reloaded assembly
- Completed reload, in  1.614 seconds
Platform modules already initialized, skipping
Shader 'Universal Render Pipeline/Particles/Lit': fallback shader 'Universal Render Pipeline/Particles/SimpleLit' not found
Shader 'Universal Render Pipeline/Particles/Lit': fallback shader 'Universal Render Pipeline/Particles/SimpleLit' not found
Refreshing native plugins compatible for Editor in 0.88 ms, found 2 plugins.
Preloading 0 native plugins for Editor in 0.00 ms.
Unloading 2960 Unused Serialized files (Serialized files now loaded: 0)
System memory in use before: 145.1 MB.
System memory in use after: 143.6 MB.

Unloading 36 unused Assets to reduce memory usage. Loaded Objects now: 3693.
Total: 5.250100 ms (FindLiveObjects: 0.403300 ms CreateObjectMapping: 0.198700 ms MarkObjects: 3.260800 ms  DeleteObjects: 1.385900 ms)

========================================================================
Received Prepare
Registering precompiled user dll's ...
Registered in 0.005656 seconds.
Begin MonoManager ReloadAssembly
Native extension for LinuxStandalone target not found
Native extension for WindowsStandalone target not found
Native extension for OSXStandalone target not found
Native extension for WebGL target not found
Refreshing native plugins compatible for Editor in 0.86 ms, found 2 plugins.
Preloading 0 native plugins for Editor in 0.00 ms.
Mono: successfully reloaded assembly
- Completed reload, in  1.584 seconds
Platform modules already initialized, skipping
Shader 'Universal Render Pipeline/Particles/Lit': fallback shader 'Universal Render Pipeline/Particles/SimpleLit' not found
Shader 'Universal Render Pipeline/Particles/Lit': fallback shader 'Universal Render Pipeline/Particles/SimpleLit' not found
Refreshing native plugins compatible for Editor in 0.88 ms, found 2 plugins.
Preloading 0 native plugins for Editor in 0.00 ms.
Unloading 2960 Unused Serialized files (Serialized files now loaded: 0)
System memory in use before: 145.1 MB.
System memory in use after: 143.6 MB.

Unloading 36 unused Assets to reduce memory usage. Loaded Objects now: 3696.
Total: 5.466100 ms (FindLiveObjects: 0.344300 ms CreateObjectMapping: 0.195200 ms MarkObjects: 3.518100 ms  DeleteObjects: 1.407300 ms)

========================================================================
Received Prepare
Registering precompiled user dll's ...
Registered in 0.005681 seconds.
Begin MonoManager ReloadAssembly
Native extension for LinuxStandalone target not found
Native extension for WindowsStandalone target not found
Native extension for OSXStandalone target not found
Native extension for WebGL target not found
Refreshing native plugins compatible for Editor in 0.90 ms, found 2 plugins.
Preloading 0 native plugins for Editor in 0.00 ms.
Mono: successfully reloaded assembly
- Completed reload, in  1.593 seconds
Platform modules already initialized, skipping
Shader 'Universal Render Pipeline/Particles/Lit': fallback shader 'Universal Render Pipeline/Particles/SimpleLit' not found
Shader 'Universal Render Pipeline/Particles/Lit': fallback shader 'Universal Render Pipeline/Particles/SimpleLit' not found
Refreshing native plugins compatible for Editor in 0.82 ms, found 2 plugins.
Preloading 0 native plugins for Editor in 0.00 ms.
Unloading 2960 Unused Serialized files (Serialized files now loaded: 0)
System memory in use before: 145.1 MB.
System memory in use after: 143.6 MB.

Unloading 36 unused Assets to reduce memory usage. Loaded Objects now: 3699.
Total: 5.263600 ms (FindLiveObjects: 0.355000 ms CreateObjectMapping: 0.197000 ms MarkObjects: 3.272700 ms  DeleteObjects: 1.437300 ms)

========================================================================
Received Import Request.
  Time since last request: 331.917079 seconds.
  path: Assets/Prefabs/Utility/Menegment.prefab
  artifactKey: Guid(30d2af79d15316d4d95697a4df87bfdc) Importer(815301076,1909f56bfc062723c751e8b465ee728b)
Start importing Assets/Prefabs/Utility/Menegment.prefab using Guid(30d2af79d15316d4d95697a4df87bfdc) Importer(815301076,1909f56bfc062723c751e8b465ee728b)  -> (artifact id: 'ba9a233f62ad0f58091291f5e6d26ffa') in 0.434487 seconds
  Import took 0.446290 seconds .

========================================================================
Received Import Request.
  Time since last request: 6.197165 seconds.
  path: Assets/_Scenes/Level1
  artifactKey: Guid(ea831d6c09195ed45bebf581f054268a) Importer(815301076,1909f56bfc062723c751e8b465ee728b)
Start importing Assets/_Scenes/Level1 using Guid(ea831d6c09195ed45bebf581f054268a) Importer(815301076,1909f56bfc062723c751e8b465ee728b)  -> (artifact id: '7087c5f7f7aa478e3814cd01b047449c') in 0.002350 seconds
  Import took 0.008552 seconds .

========================================================================
Received Import Request.
  Time since last request: 1.892447 seconds.
  path: Assets/_Scenes/Level3
  artifactKey: Guid(33038daa07d81224facd8320e3853608) Importer(815301076,1909f56bfc062723c751e8b465ee728b)
Start importing Assets/_Scenes/Level3 using Guid(33038daa07d81224facd8320e3853608) Importer(815301076,1909f56bfc062723c751e8b465ee728b)  -> (artifact id: 'f83998370e0bb0da8425abf183fbdb9d') in 0.002379 seconds
  Import took 0.008566 seconds .

========================================================================
Received Prepare
Registering precompiled user dll's ...
Registered in 0.005690 seconds.
Begin MonoManager ReloadAssembly
Native extension for LinuxStandalone target not found
Native extension for WindowsStandalone target not found
Native extension for OSXStandalone target not found
Native extension for WebGL target not found
Refreshing native plugins compatible for Editor in 0.92 ms, found 2 plugins.
Preloading 0 native plugins for Editor in 0.00 ms.
Mono: successfully reloaded assembly
- Completed reload, in  1.615 seconds
Platform modules already initialized, skipping
Shader 'Universal Render Pipeline/Particles/Lit': fallback shader 'Universal Render Pipeline/Particles/SimpleLit' not found
Shader 'Universal Render Pipeline/Particles/Lit': fallback shader 'Universal Render Pipeline/Particles/SimpleLit' not found
Refreshing native plugins compatible for Editor in 0.83 ms, found 2 plugins.
Preloading 0 native plugins for Editor in 0.00 ms.
Unloading 2960 Unused Serialized files (Serialized files now loaded: 0)
System memory in use before: 145.3 MB.
System memory in use after: 143.8 MB.

Unloading 36 unused Assets to reduce memory usage. Loaded Objects now: 3740.
Total: 5.161400 ms (FindLiveObjects: 0.342500 ms CreateObjectMapping: 0.193300 ms MarkObjects: 3.262500 ms  DeleteObjects: 1.361500 ms)

========================================================================
Received Prepare
Registering precompiled user dll's ...
Registered in 0.005764 seconds.
Begin MonoManager ReloadAssembly
Native extension for LinuxStandalone target not found
Native extension for WindowsStandalone target not found
Native extension for OSXStandalone target not found
Native extension for WebGL target not found
Refreshing native plugins compatible for Editor in 0.88 ms, found 2 plugins.
Preloading 0 native plugins for Editor in 0.00 ms.
Mono: successfully reloaded assembly
- Completed reload, in  1.589 seconds
Platform modules already initialized, skipping
Shader 'Universal Render Pipeline/Particles/Lit': fallback shader 'Universal Render Pipeline/Particles/SimpleLit' not found
Shader 'Universal Render Pipeline/Particles/Lit': fallback shader 'Universal Render Pipeline/Particles/SimpleLit' not found
Refreshing native plugins compatible for Editor in 0.88 ms, found 2 plugins.
Preloading 0 native plugins for Editor in 0.00 ms.
Unloading 2960 Unused Serialized files (Serialized files now loaded: 0)
System memory in use before: 145.4 MB.
System memory in use after: 143.8 MB.

Unloading 36 unused Assets to reduce memory usage. Loaded Objects now: 3743.
Total: 5.159800 ms (FindLiveObjects: 0.348200 ms CreateObjectMapping: 0.194100 ms MarkObjects: 3.240600 ms  DeleteObjects: 1.375300 ms)

========================================================================
Received Prepare
Registering precompiled user dll's ...
Registered in 0.005593 seconds.
Begin MonoManager ReloadAssembly
Native extension for LinuxStandalone target not found
Native extension for WindowsStandalone target not found
Native extension for OSXStandalone target not found
Native extension for WebGL target not found
Refreshing native plugins compatible for Editor in 0.89 ms, found 2 plugins.
Preloading 0 native plugins for Editor in 0.00 ms.
Mono: successfully reloaded assembly
- Completed reload, in  1.601 seconds
Platform modules already initialized, skipping
Shader 'Universal Render Pipeline/Particles/Lit': fallback shader 'Universal Render Pipeline/Particles/SimpleLit' not found
Shader 'Universal Render Pipeline/Particles/Lit': fallback shader 'Universal Render Pipeline/Particles/SimpleLit' not found
Refreshing native plugins compatible for Editor in 0.87 ms, found 2 plugins.
Preloading 0 native plugins for Editor in 0.00 ms.
Unloading 2960 Unused Serialized files (Serialized files now loaded: 0)
System memory in use before: 145.4 MB.
System memory in use after: 143.8 MB.

Unloading 36 unused Assets to reduce memory usage. Loaded Objects now: 3746.
Total: 5.083200 ms (FindLiveObjects: 0.344900 ms CreateObjectMapping: 0.195600 ms MarkObjects: 3.171600 ms  DeleteObjects: 1.369900 ms)

========================================================================
Received Prepare
Registering precompiled user dll's ...
Registered in 0.005904 seconds.
Begin MonoManager ReloadAssembly
Native extension for LinuxStandalone target not found
Native extension for WindowsStandalone target not found
Native extension for OSXStandalone target not found
Native extension for WebGL target not found
Refreshing native plugins compatible for Editor in 0.86 ms, found 2 plugins.
Preloading 0 native plugins for Editor in 0.00 ms.
Mono: successfully reloaded assembly
- Completed reload, in  1.582 seconds
Platform modules already initialized, skipping
Shader 'Universal Render Pipeline/Particles/Lit': fallback shader 'Universal Render Pipeline/Particles/SimpleLit' not found
Shader 'Universal Render Pipeline/Particles/Lit': fallback shader 'Universal Render Pipeline/Particles/SimpleLit' not found
Refreshing native plugins compatible for Editor in 0.91 ms, found 2 plugins.
Preloading 0 native plugins for Editor in 0.00 ms.
Unloading 2960 Unused Serialized files (Serialized files now loaded: 0)
System memory in use before: 145.4 MB.
System memory in use after: 143.9 MB.

Unloading 36 unused Assets to reduce memory usage. Loaded Objects now: 3749.
Total: 5.194200 ms (FindLiveObjects: 0.355500 ms CreateObjectMapping: 0.201400 ms MarkObjects: 3.252800 ms  DeleteObjects: 1.383000 ms)

AssetImportWorkerClient::OnTransportError - code=2 error=End of file
